[0.006s] Invoking command in '/home/sensen/Workspaces/ros2_cpp_ws/src/calculate_robot_speed/build/calculate_robot_speed': CMAKE_PREFIX_PATH=${CMAKE_PREFIX_PATH}:/opt/ros/humble /usr/bin/cmake --build /home/sensen/Workspaces/ros2_cpp_ws/src/calculate_robot_speed/build/calculate_robot_speed -- -j16 -l16
[0.015s] [0mCMake Deprecation Warning at CMakeLists.txt:1 (cmake_minimum_required):
[0.015s]   Compatibility with CMake < 3.10 will be removed from a future version of
[0.015s]   CMake.
[0.015s] 
[0.015s]   Update the VERSION argument <min> value.  Or, use the <min>...<max> syntax
[0.015s]   to tell CMake that the project requires at least <min> but has been updated
[0.015s]   to work with policies introduced by <max> or earlier.
[0.015s] 
[0.015s] [0m
[0.019s] -- Found ament_cmake: 1.3.12 (/opt/ros/humble/share/ament_cmake/cmake)
[0.165s] -- Found rclcpp: 16.0.14 (/opt/ros/humble/share/rclcpp/cmake)
[0.184s] -- Found rosidl_generator_c: 3.1.7 (/opt/ros/humble/share/rosidl_generator_c/cmake)
[0.185s] -- Found rosidl_adapter: 3.1.7 (/opt/ros/humble/share/rosidl_adapter/cmake)
[0.189s] -- Found rosidl_generator_cpp: 3.1.7 (/opt/ros/humble/share/rosidl_generator_cpp/cmake)
[0.195s] -- Using all available rosidl_typesupport_c: rosidl_typesupport_fastrtps_c;rosidl_typesupport_introspection_c
[0.203s] -- Using all available rosidl_typesupport_cpp: rosidl_typesupport_fastrtps_cpp;rosidl_typesupport_introspection_cpp
[0.226s] -- Found rmw_implementation_cmake: 6.1.2 (/opt/ros/humble/share/rmw_implementation_cmake/cmake)
[0.227s] -- Found rmw_fastrtps_cpp: 6.2.8 (/opt/ros/humble/share/rmw_fastrtps_cpp/cmake)
[0.292s] -- Using RMW implementation 'rmw_fastrtps_cpp' as default
[0.330s] -- Found ament_lint_auto: 0.12.14 (/opt/ros/humble/share/ament_lint_auto/cmake)
[0.377s] -- Added test 'cppcheck' to perform static code analysis on C / C++ code
[0.377s] -- Configured cppcheck include dirs: 
[0.377s] -- Configured cppcheck exclude dirs and/or files: 
[0.378s] -- Added test 'flake8' to check Python code syntax and style conventions
[0.379s] -- Added test 'lint_cmake' to check CMake code style
[0.380s] -- Added test 'pep257' to check Python code against some of the docstring style conventions in PEP 257
[0.385s] -- Added test 'uncrustify' to check C / C++ code style
[0.385s] -- Configured uncrustify additional arguments: 
[0.385s] -- Added test 'xmllint' to check XML markup files
[0.386s] -- Configuring done (0.4s)
[0.390s] -- Generating done (0.0s)
[0.391s] -- Build files have been written to: /home/sensen/Workspaces/ros2_cpp_ws/src/calculate_robot_speed/build/calculate_robot_speed
[0.405s] [ 25%] [32mBuilding CXX object CMakeFiles/speed_publisher.dir/src/speed_publisher.cpp.o[0m
[0.410s] [ 50%] [32mBuilding CXX object CMakeFiles/rpm_publisher.dir/src/rpm_publisher.cpp.o[0m
[0.410s] [01m[K/home/sensen/Workspaces/ros2_cpp_ws/src/calculate_robot_speed/src/speed_publisher.cpp:1:2:[m[K [01;31m[Kerror: [m[Kstray â€˜[01m[K#[m[Kâ€™ in program
[0.410s]     1 | =[01;31m[K#[m[Kinclude "rclcpp/rclcpp.hpp" // ros client library
[0.410s]       |  [01;31m[K^[m[K
[0.410s] [01m[K/home/sensen/Workspaces/ros2_cpp_ws/src/calculate_robot_speed/src/speed_publisher.cpp:2:10:[m[K [01;31m[Kfatal error: [m[Kstd_msgs/msg/int32.hpp: No such file or directory
[0.411s]     2 | #include [01;31m[K"std_msgs/msg/int32.hpp"[m[K
[0.411s]       |          [01;31m[K^~~~~~~~~~~~~~~~~~~~~~~~[m[K
[0.411s] compilation terminated.
[0.411s] gmake[2]: *** [CMakeFiles/speed_publisher.dir/build.make:79: CMakeFiles/speed_publisher.dir/src/speed_publisher.cpp.o] Error 1
[0.411s] gmake[1]: *** [CMakeFiles/Makefile2:188: CMakeFiles/speed_publisher.dir/all] Error 2
[0.411s] gmake[1]: *** Waiting for unfinished jobs....
[0.415s] [01m[K/home/sensen/Workspaces/ros2_cpp_ws/src/calculate_robot_speed/src/rpm_publisher.cpp:1:10:[m[K [01;31m[Kfatal error: [m[Krclcpp/rclcpp.hpp: No such file or directory
[0.415s]     1 | #include [01;31m[K"rclcpp/rclcpp.hpp"[m[K // ros client library
[0.415s]       |          [01;31m[K^~~~~~~~~~~~~~~~~~~[m[K
[0.415s] compilation terminated.
[0.415s] gmake[2]: *** [CMakeFiles/rpm_publisher.dir/build.make:79: CMakeFiles/rpm_publisher.dir/src/rpm_publisher.cpp.o] Error 1
[0.415s] gmake[1]: *** [CMakeFiles/Makefile2:156: CMakeFiles/rpm_publisher.dir/all] Error 2
[0.415s] gmake: *** [Makefile:146: all] Error 2
[0.417s] Invoked command in '/home/sensen/Workspaces/ros2_cpp_ws/src/calculate_robot_speed/build/calculate_robot_speed' returned '2': CMAKE_PREFIX_PATH=${CMAKE_PREFIX_PATH}:/opt/ros/humble /usr/bin/cmake --build /home/sensen/Workspaces/ros2_cpp_ws/src/calculate_robot_speed/build/calculate_robot_speed -- -j16 -l16
